nohup: ignoring input
close 16
close 16
close 16
close 16
close 16
close 16
close 16
close 16
close 16
close 16
close 16
close 16
close 16
close 16
close 16
close 16
close 16
close 16
close 16
close 16
close 16
close 16
close 16
close 16
close 16
close 16
mysql_stmt_prepare() failed: MySQL server has gone away
mysql_stmt_prepare() failed: MySQL server has gone away
MySQL query failed: MySQL server has gone away
mysql_stmt_prepare() failed: MySQL server has gone away
mysql_stmt_prepare() failed: MySQL server has gone away
MySQL query failed: MySQL server has gone away
mysql_stmt_prepare() failed: MySQL server has gone away
mysql_stmt_prepare() failed: MySQL server has gone away
mysql_query() failed: MySQL server has gone away
mysql_stmt_prepare() failed: MySQL server has gone away
MySQL query failed: MySQL server has gone away
mysql_stmt_prepare() failed: MySQL server has gone away
MySQL query failed: MySQL server has gone away
mysql_stmt_prepare() failed: MySQL server has gone away
close 4
close 4
close 4
close 4
close 4
close 4
close 4
close 4
close 4
close 4
close 4
close 4
close 4
close 4
close 4
close 4
close 4
close 4
close 4
close 4
close 4
close 4
close 4
close 4
close 4
close 4
close 4
close 4
close 4
close 4
close 4
close 4
close 4
close 4
close 4
close 4
close 4
close 4
close 4
close 4
close 4
close 4
close 4
close 4
close 4
close 4
close 4
close 4
close 4
close 4
close 4
close 4
close 4
close 4
close 4
close 4
close 4
close 4
close 4
close 4
close 4
close 4
close 4
close 4
close 4
close 4
close 4
close 4
close 4
close 4
close 4
close 4
close 4
close 4
close 4
close 4
close 4
close 4
close 4
close 4
close 4
close 4
close 4
close 4
close 4
close 4
close 4
close 4
close 4
close 4
close 4
close 4
close 4
close 4
close 4
close 4
close 4
close 4
close 4
close 4
close 4
close 4
close 4
close 4
close 4
close 4
close 4
close 4
mysql_stmt_prepare() failed: MySQL server has gone away
MySQL query failed: MySQL server has gone away
mysql_stmt_prepare() failed: MySQL server has gone away
close 4
close 4
